[Licensing::Module] Trying to connect to existing licensing client channel...
Built from '6000.3/respin/6000.3.1f1-f56f53296c2c' branch; Version is '6000.3.1f1 (37142da19a94) revision 3609645'; Using compiler version '194234433'; Build Type 'Release'
OS: 'Windows 11  (10.0.26100) 64bit Core' Language: 'ko' Physical Memory: 32491 MB
[Licensing::IpcConnector] Successfully connected to: "LicenseClient-신명근" at "2025-12-17T06:35:16.17239Z"
BatchMode: 1, IsHumanControllingUs: 0, StartBugReporterOnCrash: 0, Is64bit: 1
Date: 2025-12-17T06:35:16Z

COMMAND LINE ARGUMENTS:
C:\Unity Editor\6000.3.1f1\Editor\Unity.exe
-adb2
-batchMode
-noUpm
-name
AssetImportWorker9
-projectPath
C:/Unity Project/GamZem
-logFile
Logs/AssetImportWorker9.log
-srvPort
60088
-licensingIpc
LicenseClient-신명근
-job-worker-count
15
-background-job-worker-count
8
-gc-helper-count
1
-name
AssetImport
Successfully changed project path to: C:/Unity Project/GamZem
C:/Unity Project/GamZem
[UnityMemory] Configuration Parameters - Can be set up in boot.config
    "memorysetup-temp-allocator-size-nav-mesh-worker=65536"
    "memorysetup-temp-allocator-size-audio-worker=65536"
    "memorysetup-temp-allocator-size-gfx=262144"
    "memorysetup-allocator-temp-initial-block-size-main=262144"
    "memorysetup-allocator-temp-initial-block-size-worker=262144"
    "memorysetup-temp-allocator-size-background-worker=32768"
    "memorysetup-temp-allocator-size-job-worker=262144"
    "memorysetup-temp-allocator-size-preload-manager=33554432"
    "memorysetup-temp-allocator-size-gi-baking-worker=262144"
    "memorysetup-temp-allocator-size-gi-baking-worker=262144"
    "memorysetup-temp-allocator-size-gi-baking-worker=262144"
    "memorysetup-temp-allocator-size-gi-baking-worker=262144"
    "memorysetup-temp-allocator-size-gi-baking-worker=262144"
    "memorysetup-bucket-allocator-granularity=16"
    "memorysetup-bucket-allocator-bucket-count=8"
    "memorysetup-bucket-allocator-block-size=33554432"
    "memorysetup-bucket-allocator-block-count=8"
    "memorysetup-main-allocator-block-size=16777216"
    "memorysetup-thread-allocator-block-size=16777216"
    "memorysetup-gfx-main-allocator-block-size=16777216"
    "memorysetup-gfx-thread-allocator-block-size=16777216"
    "memorysetup-cache-allocator-block-size=4194304"
    "memorysetup-typetree-allocator-block-size=2097152"
    "memorysetup-profiler-bucket-allocator-granularity=16"
    "memorysetup-profiler-bucket-allocator-bucket-count=8"
    "memorysetup-profiler-bucket-allocator-block-size=33554432"
    "memorysetup-profiler-bucket-allocator-block-count=8"
    "memorysetup-profiler-allocator-block-size=16777216"
    "memorysetup-profiler-editor-allocator-block-size=1048576"
    "memorysetup-temp-allocator-size-main=16777216"
    "memorysetup-job-temp-allocator-block-size=2097152"
    "memorysetup-job-temp-allocator-block-size-background=1048576"
    "memorysetup-job-temp-allocator-reduction-small-platforms=262144"
    "memorysetup-temp-allocator-size-cloud-worker=32768"
Player connection [18308]  Target information:

Player connection [18308]  * "[IP] 172.17.105.77 [Port] 0 [Flags] 2 [Guid] 1988686624 [EditorId] 1988686624 [Version] 1048832 [Id] WindowsEditor(7,TTingGS) [Debug] 1 [PackageName] WindowsEditor [ProjectName] Editor" 

Player connection [18308] Host joined multi-casting on [225.0.0.222:54997]...
Player connection [18308] Host joined alternative multi-casting on [225.0.0.222:34997]...
JobSystem: Creating JobQueue using job-worker-count value 15
Input System module state changed to: Initialized.
[Physics::Module] Initialized fallback backend.
[Physics::Module] Id: 0xdecafbad
Library Redirect Path: Library/
[Physics::Module] Selected backend.
[Physics::Module] Name: PhysX
[Physics::Module] Id: 0xf2b8ea05
[Physics::Module] SDK Version: 4.1.2
[Physics::Module] Integration Version: 1.0.0
[Physics::Module] Threading Mode: Multi-Threaded
Refreshing native plugins compatible for Editor in 1.97 ms, found 4 plugins.
Preloading 0 native plugins for Editor in 0.00 ms.
Initialize engine version: 6000.3.1f1 (37142da19a94)
[Subsystems] Discovering subsystems at path C:/Unity Editor/6000.3.1f1/Editor/Data/Resources/UnitySubsystems
[Subsystems] Discovering subsystems at path C:/Unity Project/GamZem/Assets
GfxDevice: creating device client; kGfxThreadingModeNonThreaded
Direct3D:
    Version:  Direct3D 11.0 [level 11.1]
    Renderer: NVIDIA GeForce RTX 4070 Laptop GPU (ID=0x2860)
    Vendor:   NVIDIA
    VRAM:     7948 MB
    Driver:   32.0.15.6094
Initialize mono
Mono path[0] = 'C:/Unity Editor/6000.3.1f1/Editor/Data/Managed'
Mono path[1] = 'C:/Unity Editor/6000.3.1f1/Editor/Data/MonoBleedingEdge/lib/mono/unityjit-win32'
Mono config path = 'C:/Unity Editor/6000.3.1f1/Editor/Data/MonoBleedingEdge/etc'
Using monoOptions --debugger-agent=transport=dt_socket,embedding=1,server=y,suspend=n,address=127.0.0.1:56384
Begin MonoManager ReloadAssembly
[Licensing::Client] Error: HandshakeResponse reported an error:
	ResponseCode: 505
	ResponseStatus: Unsupported protocol version '1.17.4'.
[Licensing::Module] Error: Failed to handshake to channel: "LicenseClient-신명근"
[Licensing::IpcConnector] LicenseClient-신명근 channel disconnected successfully.
[Licensing::IpcConnector] Successfully connected to: "LicenseClient-신명근-6000.3.1" at "2025-12-17T06:35:16.8957824Z"
Registering precompiled unity dll's ...
Register platform support module: C:/Unity Editor/6000.3.1f1/Editor/Data/PlaybackEngines/WindowsStandaloneSupport/UnityEditor.WindowsStandalone.Extensions.dll
[Licensing::Module] Licensing is not yet initialized.
[Licensing::Client] Handshaking with LicensingClient:
  Version:                 1.17.4+4293ba1
  Session Id:              67a7777b298849dfa4f3fe84cf8704ce
  Correlation Id:          e025540c2bf48477efc77737b94cd5ac
  External correlation Id: 8518206121187370400
  Machine Id:              0M/ABMMGBGM+hP/9vJJ0T88awfw=
[Licensing::Module] Successfully connected to LicensingClient on channel: "LicenseClient-신명근-6000.3.1" (connect: 0.00s, validation: 0.00s, handshake: 0.60s)
[Licensing::IpcConnector] Successfully connected to: "LicenseClient-신명근-6000.3.1-notifications" at "2025-12-17T06:35:17.495845Z"
[Licensing::Module] Licensing Background thread has ended after 1.32s
[Licensing::Module] Licensing is initialized (took 0.54s).
[Licensing::Client] Successfully resolved entitlement details
[Licensing::Module] License group:
  Id: 14569682563822-gwichana-UnityProStuXXXX
  Product: Unity Student
  Type: Assigned
  Expiration: 2026-10-04T14:32:33Z
Register platform support module: C:/Unity Editor/6000.3.1f1/Editor/Data/PlaybackEngines/AndroidPlayer/UnityEditor.Android.Extensions.dll
Registered in 0.538697 seconds.
- Loaded All Assemblies, in  0.804 seconds
Native extension for Android target not found
Android Extension - Scanning For ADB Devices 589 ms
Native extension for WindowsStandalone target not found
Mono: successfully reloaded assembly
- Finished resetting the current domain, in  0.897 seconds
Domain Reload Profiling: 1700ms
	BeginReloadAssembly (76ms)
		ExecutionOrderSort (0ms)
		DisableScriptedObjects (0ms)
		BackupInstance (0ms)
		ReleaseScriptingObjects (0ms)
		CreateAndSetChildDomain (1ms)
	RebuildCommonClasses (29ms)
	RebuildNativeTypeToScriptingClass (10ms)
	initialDomainReloadingComplete (572ms)
	LoadAllAssembliesAndSetupDomain (116ms)
		LoadAssemblies (74ms)
		RebuildTransferFunctionScriptingTraits (0ms)
		AnalyzeDomain (113ms)
			TypeCache.Refresh (112ms)
				TypeCache.ScanAssembly (103ms)
			BuildScriptInfoCaches (0ms)
			ResolveRequiredComponents (0ms)
	FinalizeReload (898ms)
		ReleaseScriptCaches (0ms)
		RebuildScriptCaches (0ms)
		SetupLoadedEditorAssemblies (863ms)
			LogAssemblyErrors (0ms)
			InitializePlatformSupportModulesInManaged (654ms)
			SetLoadedEditorAssemblies (5ms)
			BeforeProcessingInitializeOnLoad (56ms)
			ProcessInitializeOnLoadAttributes (98ms)
			ProcessInitializeOnLoadMethodAttributes (50ms)
			AfterProcessingInitializeOnLoad (0ms)
			EditorAssembliesLoaded (0ms)
		ExecutionOrderSort2 (0ms)
		AwakeInstancesAfterBackupRestoration (0ms)
========================================================================
Worker process is ready to serve import requests
Import Worker Mode flag is 0x00
Begin MonoManager ReloadAssembly
[Licensing::Client] Successfully resolved entitlement details
- Loaded All Assemblies, in  0.637 seconds
Refreshing native plugins compatible for Editor in 1.55 ms, found 4 plugins.
Native extension for Android target not found
Native extension for WindowsStandalone target not found
Package Manager log level set to [2]
[Package Manager] Failed to launch server process. Reason: Unity was launched with the -noUpm command-line argument
[Package Manager] Unable to send message (not connected to server process).
[Package Manager] Cannot connect to Unity Package Manager local server
Mono: successfully reloaded assembly
- Finished resetting the current domain, in  0.708 seconds
Domain Reload Profiling: 1341ms
	BeginReloadAssembly (108ms)
		ExecutionOrderSort (0ms)
		DisableScriptedObjects (4ms)
		BackupInstance (0ms)
		ReleaseScriptingObjects (0ms)
		CreateAndSetChildDomain (24ms)
	RebuildCommonClasses (26ms)
	RebuildNativeTypeToScriptingClass (9ms)
	initialDomainReloadingComplete (27ms)
	LoadAllAssembliesAndSetupDomain (463ms)
		LoadAssemblies (245ms)
		RebuildTransferFunctionScriptingTraits (0ms)
		AnalyzeDomain (268ms)
			TypeCache.Refresh (187ms)
				TypeCache.ScanAssembly (169ms)
			BuildScriptInfoCaches (63ms)
			ResolveRequiredComponents (13ms)
	FinalizeReload (708ms)
		ReleaseScriptCaches (0ms)
		RebuildScriptCaches (0ms)
		SetupLoadedEditorAssemblies (570ms)
			LogAssemblyErrors (0ms)
			InitializePlatformSupportModulesInManaged (9ms)
			SetLoadedEditorAssemblies (3ms)
			BeforeProcessingInitializeOnLoad (138ms)
			ProcessInitializeOnLoadAttributes (322ms)
			ProcessInitializeOnLoadMethodAttributes (93ms)
			AfterProcessingInitializeOnLoad (4ms)
			EditorAssembliesLoaded (0ms)
		ExecutionOrderSort2 (0ms)
		AwakeInstancesAfterBackupRestoration (5ms)
Launched and connected shader compiler UnityShaderCompiler.exe after 0.05 seconds
Refreshing native plugins compatible for Editor in 2.00 ms, found 4 plugins.
Preloading 0 native plugins for Editor in 0.00 ms.
Unloading 16 Unused Serialized files (Serialized files now loaded: 0)
Unloading 6872 unused Assets / (2.8 MB). Loaded Objects now: 7691.
Memory consumption went from 172.5 MB to 169.7 MB.
Total: 13.157100 ms (FindLiveObjects: 0.547700 ms CreateObjectMapping: 0.363800 ms MarkObjects: 10.378200 ms  DeleteObjects: 1.866000 ms)

========================================================================
Received Import Request.
  Time since last request: 360647.833806 seconds.
  path: Assets/Asset/Pixel Item/Admurin's Pixel Items/PixelItems/Librarium/Singles/08_SchoolSupplies_Sharpener.png
  artifactKey: Guid(2b99c7938ba4e464eb2c4bf07858c054) Importer(815301076,1909f56bfc062723c751e8b465ee728b)
Start importing Assets/Asset/Pixel Item/Admurin's Pixel Items/PixelItems/Librarium/Singles/08_SchoolSupplies_Sharpener.png using Guid(2b99c7938ba4e464eb2c4bf07858c054) Importer(815301076,1909f56bfc062723c751e8b465ee728b) (PreviewImporter) -> (artifact id: '5331c67b6f48b5850e10e6544630db83') in 0.1038745 seconds
Number of updated asset objects reloaded before import = 0Number of asset objects unloaded after import = 3

========================================================================
Received Import Request.
  Time since last request: 0.000025 seconds.
  path: Assets/Asset/Pixel Item/Admurin's Pixel Items/PixelItems/Librarium/Singles/24_Art_Brush_A.png
  artifactKey: Guid(2623fb09f2a891a4c850e39a077aef78) Importer(815301076,1909f56bfc062723c751e8b465ee728b)
Start importing Assets/Asset/Pixel Item/Admurin's Pixel Items/PixelItems/Librarium/Singles/24_Art_Brush_A.png using Guid(2623fb09f2a891a4c850e39a077aef78) Importer(815301076,1909f56bfc062723c751e8b465ee728b) (PreviewImporter) -> (artifact id: 'dba8fb33291e23fc623b2a43516c82e1') in 0.0701323 seconds
Number of updated asset objects reloaded before import = 0Number of asset objects unloaded after import = 3

========================================================================
Received Import Request.
  Time since last request: 0.000027 seconds.
  path: Assets/Asset/Pixel Item/Admurin's Pixel Items/PixelItems/Librarium/Singles/18_SchoolSupplies_Pencil_Color_Green.png
  artifactKey: Guid(67919d25898d7a243b4d77bd6eedb70a) Importer(815301076,1909f56bfc062723c751e8b465ee728b)
Start importing Assets/Asset/Pixel Item/Admurin's Pixel Items/PixelItems/Librarium/Singles/18_SchoolSupplies_Pencil_Color_Green.png using Guid(67919d25898d7a243b4d77bd6eedb70a) Importer(815301076,1909f56bfc062723c751e8b465ee728b) (PreviewImporter) -> (artifact id: 'bd4cd05cbf8849f0acbf6143b2c3d107') in 0.0358126 seconds
Number of updated asset objects reloaded before import = 0Number of asset objects unloaded after import = 3

========================================================================
Received Import Request.
  Time since last request: 6.458409 seconds.
  path: Assets/Asset/Pixel Item/Admurin's Pixel Items/PixelItems/Librarium/Singles/98_Literature__Mythical_Stacks_B.png
  artifactKey: Guid(853e918c1e05bb8448d8af7f0f6ddeb5) Importer(815301076,1909f56bfc062723c751e8b465ee728b)
Start importing Assets/Asset/Pixel Item/Admurin's Pixel Items/PixelItems/Librarium/Singles/98_Literature__Mythical_Stacks_B.png using Guid(853e918c1e05bb8448d8af7f0f6ddeb5) Importer(815301076,1909f56bfc062723c751e8b465ee728b) (PreviewImporter) -> (artifact id: '88c1fab6449aab0518a215543fc8f925') in 0.0360125 seconds
Number of updated asset objects reloaded before import = 0Number of asset objects unloaded after import = 3

========================================================================
Received Import Request.
  Time since last request: 24.300931 seconds.
  path: Assets/Asset/Pixel Item/Admurin's Pixel Items/PixelItems/Miscellaneous/Singles/08_Bone_Cracked.png
  artifactKey: Guid(f534e64edd5e42c48a6e468b7ece6868) Importer(815301076,1909f56bfc062723c751e8b465ee728b)
Start importing Assets/Asset/Pixel Item/Admurin's Pixel Items/PixelItems/Miscellaneous/Singles/08_Bone_Cracked.png using Guid(f534e64edd5e42c48a6e468b7ece6868) Importer(815301076,1909f56bfc062723c751e8b465ee728b) (PreviewImporter) -> (artifact id: 'e176477ae38ef3865ebe9566d4f8b1ec') in 0.0352636 seconds
Number of updated asset objects reloaded before import = 0Number of asset objects unloaded after import = 3

========================================================================
Received Import Request.
  Time since last request: 0.000016 seconds.
  path: Assets/Asset/Pixel Item/Admurin's Pixel Items/PixelItems/Miscellaneous/Singles/17_Rotten_Tongue.png
  artifactKey: Guid(1db6c4ba44aa7c84aa32cbc727ec9d4e) Importer(815301076,1909f56bfc062723c751e8b465ee728b)
Start importing Assets/Asset/Pixel Item/Admurin's Pixel Items/PixelItems/Miscellaneous/Singles/17_Rotten_Tongue.png using Guid(1db6c4ba44aa7c84aa32cbc727ec9d4e) Importer(815301076,1909f56bfc062723c751e8b465ee728b) (PreviewImporter) -> (artifact id: '6a2a1f754cc8981e0d555824017660b8') in 0.0585087 seconds
Number of updated asset objects reloaded before import = 0Number of asset objects unloaded after import = 3

========================================================================
Received Import Request.
  Time since last request: 0.000028 seconds.
  path: Assets/Asset/Pixel Item/Admurin's Pixel Items/PixelItems/Miscellaneous/Singles/18_Rotten_Brain.png
  artifactKey: Guid(d1a7008235f654f45bb708ac392f80e3) Importer(815301076,1909f56bfc062723c751e8b465ee728b)
Start importing Assets/Asset/Pixel Item/Admurin's Pixel Items/PixelItems/Miscellaneous/Singles/18_Rotten_Brain.png using Guid(d1a7008235f654f45bb708ac392f80e3) Importer(815301076,1909f56bfc062723c751e8b465ee728b) (PreviewImporter) -> (artifact id: 'a55e9ec69f209ecced8ff1c22e56d904') in 0.0438524 seconds
Number of updated asset objects reloaded before import = 0Number of asset objects unloaded after import = 3

========================================================================
Received Import Request.
  Time since last request: 0.000019 seconds.
  path: Assets/Asset/Pixel Item/Admurin's Pixel Items/PixelItems/Miscellaneous/Singles/26_Skull_Titan_Aquatic.png
  artifactKey: Guid(4b8e0dd67d712b8458168922146d0b4b) Importer(815301076,1909f56bfc062723c751e8b465ee728b)
Start importing Assets/Asset/Pixel Item/Admurin's Pixel Items/PixelItems/Miscellaneous/Singles/26_Skull_Titan_Aquatic.png using Guid(4b8e0dd67d712b8458168922146d0b4b) Importer(815301076,1909f56bfc062723c751e8b465ee728b) (PreviewImporter) -> (artifact id: '1395f647682b151f441cfe806fa9188a') in 0.0454523 seconds
Number of updated asset objects reloaded before import = 0Number of asset objects unloaded after import = 3

========================================================================
Received Import Request.
  Time since last request: 2.911461 seconds.
  path: Assets/Asset/Pixel Item/Admurin's Pixel Items/PixelItems/Miscellaneous/Singles/45_Bird_Loot_A.png
  artifactKey: Guid(75ff8ed2f70cbe943b3bcefb88e38ce0) Importer(815301076,1909f56bfc062723c751e8b465ee728b)
Start importing Assets/Asset/Pixel Item/Admurin's Pixel Items/PixelItems/Miscellaneous/Singles/45_Bird_Loot_A.png using Guid(75ff8ed2f70cbe943b3bcefb88e38ce0) Importer(815301076,1909f56bfc062723c751e8b465ee728b) (PreviewImporter) -> (artifact id: 'e0c12c5c55a9b348886bfafab58de953') in 0.0479693 seconds
Number of updated asset objects reloaded before import = 0Number of asset objects unloaded after import = 3

========================================================================
Received Import Request.
  Time since last request: 0.306464 seconds.
  path: Assets/Asset/Pixel Item/Admurin's Pixel Items/PixelItems/Miscellaneous/Singles/57_Pelt_F.png
  artifactKey: Guid(afa86eae44637a84b881a12bba997155) Importer(815301076,1909f56bfc062723c751e8b465ee728b)
Start importing Assets/Asset/Pixel Item/Admurin's Pixel Items/PixelItems/Miscellaneous/Singles/57_Pelt_F.png using Guid(afa86eae44637a84b881a12bba997155) Importer(815301076,1909f56bfc062723c751e8b465ee728b) (PreviewImporter) -> (artifact id: '91498812784726d0b36701376c6b67e0') in 0.0555374 seconds
Number of updated asset objects reloaded before import = 0Number of asset objects unloaded after import = 3

========================================================================
Received Import Request.
  Time since last request: 11.120848 seconds.
  path: Assets/Asset/Pixel Item/Admurin's Pixel Items/PixelItems/Miscellaneous/Singles/99_Nails_A.png
  artifactKey: Guid(6243beca5b6cd944eb1bc13fcef2cb9b) Importer(815301076,1909f56bfc062723c751e8b465ee728b)
Start importing Assets/Asset/Pixel Item/Admurin's Pixel Items/PixelItems/Miscellaneous/Singles/99_Nails_A.png using Guid(6243beca5b6cd944eb1bc13fcef2cb9b) Importer(815301076,1909f56bfc062723c751e8b465ee728b) (PreviewImporter) -> (artifact id: '4b96eb9c99022452d14a7bdd96be8089') in 0.0317659 seconds
Number of updated asset objects reloaded before import = 0Number of asset objects unloaded after import = 3

========================================================================
Received Import Request.
  Time since last request: 0.000027 seconds.
  path: Assets/Asset/Pixel Item/Admurin's Pixel Items/PixelItems/Miscellaneous/Singles/108_Plushie_Bear_Polar.png
  artifactKey: Guid(229da3ae766ba8545bce5c3062691850) Importer(815301076,1909f56bfc062723c751e8b465ee728b)
Start importing Assets/Asset/Pixel Item/Admurin's Pixel Items/PixelItems/Miscellaneous/Singles/108_Plushie_Bear_Polar.png using Guid(229da3ae766ba8545bce5c3062691850) Importer(815301076,1909f56bfc062723c751e8b465ee728b) (PreviewImporter) -> (artifact id: 'ede49001802a5bb14b1bae9069cd7ec9') in 0.0346196 seconds
Number of updated asset objects reloaded before import = 0Number of asset objects unloaded after import = 3

========================================================================
Received Import Request.
  Time since last request: 0.000021 seconds.
  path: Assets/Asset/Pixel Item/Admurin's Pixel Items/PixelItems/Miscellaneous/Singles/101_Plushie_Kangaroo.png
  artifactKey: Guid(f45ecdbb4e67e5845894d2369ab67b44) Importer(815301076,1909f56bfc062723c751e8b465ee728b)
Start importing Assets/Asset/Pixel Item/Admurin's Pixel Items/PixelItems/Miscellaneous/Singles/101_Plushie_Kangaroo.png using Guid(f45ecdbb4e67e5845894d2369ab67b44) Importer(815301076,1909f56bfc062723c751e8b465ee728b) (PreviewImporter) -> (artifact id: '96d16a1fcf17bd79090b4f78581579d9') in 0.0532454 seconds
Number of updated asset objects reloaded before import = 0Number of asset objects unloaded after import = 3

========================================================================
Received Import Request.
  Time since last request: 0.751481 seconds.
  path: Assets/Asset/Pixel Item/Admurin's Pixel Items/PixelItems/Miscellaneous/Singles/132_Card_Magic_Light.png
  artifactKey: Guid(42d21cb3daabaa84c81aa5571cd58e21) Importer(815301076,1909f56bfc062723c751e8b465ee728b)
Start importing Assets/Asset/Pixel Item/Admurin's Pixel Items/PixelItems/Miscellaneous/Singles/132_Card_Magic_Light.png using Guid(42d21cb3daabaa84c81aa5571cd58e21) Importer(815301076,1909f56bfc062723c751e8b465ee728b) (PreviewImporter) -> (artifact id: '4b7c82290a08906e27a7fd0ace0d75e9') in 0.0261229 seconds
Number of updated asset objects reloaded before import = 0Number of asset objects unloaded after import = 3

========================================================================
Received Import Request.
  Time since last request: 0.000021 seconds.
  path: Assets/Asset/Pixel Item/Admurin's Pixel Items/PixelItems/Miscellaneous/Singles/142_Silk_Turquoise.png
  artifactKey: Guid(be3736efcf0d34e41b33f00eb5cade15) Importer(815301076,1909f56bfc062723c751e8b465ee728b)
Start importing Assets/Asset/Pixel Item/Admurin's Pixel Items/PixelItems/Miscellaneous/Singles/142_Silk_Turquoise.png using Guid(be3736efcf0d34e41b33f00eb5cade15) Importer(815301076,1909f56bfc062723c751e8b465ee728b) (PreviewImporter) -> (artifact id: '06ae7953ffbc2cfb0e5234e7ef9089c4') in 0.0248785 seconds
Number of updated asset objects reloaded before import = 0Number of asset objects unloaded after import = 3

========================================================================
Received Import Request.
  Time since last request: 0.180410 seconds.
  path: Assets/Asset/Pixel Item/Admurin's Pixel Items/PixelItems/Miscellaneous/Singles/150_Golem_Head_Shattered.png
  artifactKey: Guid(0f14fadcbe6c9c04aa3c7d49241bab67) Importer(815301076,1909f56bfc062723c751e8b465ee728b)
Start importing Assets/Asset/Pixel Item/Admurin's Pixel Items/PixelItems/Miscellaneous/Singles/150_Golem_Head_Shattered.png using Guid(0f14fadcbe6c9c04aa3c7d49241bab67) Importer(815301076,1909f56bfc062723c751e8b465ee728b) (PreviewImporter) -> (artifact id: '87fda3ee1b14ba0f604efd7aae432f5b') in 0.0235497 seconds
Number of updated asset objects reloaded before import = 0Number of asset objects unloaded after import = 3

========================================================================
Received Import Request.
  Time since last request: 0.000016 seconds.
  path: Assets/Asset/Pixel Item/Admurin's Pixel Items/PixelItems/Miscellaneous/Singles/151_Golem_Rock.png
  artifactKey: Guid(94f4a3dfab26da54f8469c6a5e47a982) Importer(815301076,1909f56bfc062723c751e8b465ee728b)
Start importing Assets/Asset/Pixel Item/Admurin's Pixel Items/PixelItems/Miscellaneous/Singles/151_Golem_Rock.png using Guid(94f4a3dfab26da54f8469c6a5e47a982) Importer(815301076,1909f56bfc062723c751e8b465ee728b) (PreviewImporter) -> (artifact id: '324c1f6d8d02cf05531782068218d61a') in 0.021726 seconds
Number of updated asset objects reloaded before import = 0Number of asset objects unloaded after import = 3

========================================================================
Received Import Request.
  Time since last request: 0.000022 seconds.
  path: Assets/Asset/Pixel Item/Admurin's Pixel Items/PixelItems/Miscellaneous/Singles/158_Handyman_Rusty_Nail.png
  artifactKey: Guid(66f23b2c6cb8e604ea34322fa2b19830) Importer(815301076,1909f56bfc062723c751e8b465ee728b)
Start importing Assets/Asset/Pixel Item/Admurin's Pixel Items/PixelItems/Miscellaneous/Singles/158_Handyman_Rusty_Nail.png using Guid(66f23b2c6cb8e604ea34322fa2b19830) Importer(815301076,1909f56bfc062723c751e8b465ee728b) (PreviewImporter) -> (artifact id: '5c6c6af2bf8bee5e1ea4d2d37866905e') in 0.0223337 seconds
Number of updated asset objects reloaded before import = 0Number of asset objects unloaded after import = 3

========================================================================
Received Import Request.
  Time since last request: 0.125372 seconds.
  path: Assets/Asset/Pixel Item/Admurin's Pixel Items/PixelItems/Miscellaneous/Singles/174_Orb_Pink.png
  artifactKey: Guid(dfd45dcbad81d6246b94433ef55fddbe) Importer(815301076,1909f56bfc062723c751e8b465ee728b)
Start importing Assets/Asset/Pixel Item/Admurin's Pixel Items/PixelItems/Miscellaneous/Singles/174_Orb_Pink.png using Guid(dfd45dcbad81d6246b94433ef55fddbe) Importer(815301076,1909f56bfc062723c751e8b465ee728b) (PreviewImporter) -> (artifact id: 'ac9466feff52f459086f43dae43f589c') in 0.0262496 seconds
Number of updated asset objects reloaded before import = 0Number of asset objects unloaded after import = 3

========================================================================
Received Import Request.
  Time since last request: 0.000031 seconds.
  path: Assets/Asset/Pixel Item/Admurin's Pixel Items/PixelItems/Miscellaneous/Singles/180_Lava_Cauldron.png
  artifactKey: Guid(f85e435311eba1145ba544900837aee4) Importer(815301076,1909f56bfc062723c751e8b465ee728b)
Start importing Assets/Asset/Pixel Item/Admurin's Pixel Items/PixelItems/Miscellaneous/Singles/180_Lava_Cauldron.png using Guid(f85e435311eba1145ba544900837aee4) Importer(815301076,1909f56bfc062723c751e8b465ee728b) (PreviewImporter) -> (artifact id: '3af4cd6c136e3e87582584d494a88f08') in 0.0174284 seconds
Number of updated asset objects reloaded before import = 0Number of asset objects unloaded after import = 3

========================================================================
Received Import Request.
  Time since last request: 0.185682 seconds.
  path: Assets/Asset/Pixel Item/Admurin's Pixel Items/PixelItems/Miscellaneous/Singles/192_RustyTrinket_House.png
  artifactKey: Guid(13ae2712c8a88564e9124c6263ec9ea2) Importer(815301076,1909f56bfc062723c751e8b465ee728b)
Start importing Assets/Asset/Pixel Item/Admurin's Pixel Items/PixelItems/Miscellaneous/Singles/192_RustyTrinket_House.png using Guid(13ae2712c8a88564e9124c6263ec9ea2) Importer(815301076,1909f56bfc062723c751e8b465ee728b) (PreviewImporter) -> (artifact id: 'db6e7581e7625cdf6580bf44e9b400f2') in 0.0273763 seconds
Number of updated asset objects reloaded before import = 0Number of asset objects unloaded after import = 3

========================================================================
Received Import Request.
  Time since last request: 0.000014 seconds.
  path: Assets/Asset/Pixel Item/Admurin's Pixel Items/PixelItems/Miscellaneous/Singles/207_Puzzle_Top_Left.png
  artifactKey: Guid(d86f02e023e8f8e409886e72d8169c6e) Importer(815301076,1909f56bfc062723c751e8b465ee728b)
Start importing Assets/Asset/Pixel Item/Admurin's Pixel Items/PixelItems/Miscellaneous/Singles/207_Puzzle_Top_Left.png using Guid(d86f02e023e8f8e409886e72d8169c6e) Importer(815301076,1909f56bfc062723c751e8b465ee728b) (PreviewImporter) -> (artifact id: 'cd15d7068304bac9667e04ad011ad235') in 0.0210443 seconds
Number of updated asset objects reloaded before import = 0Number of asset objects unloaded after import = 3

========================================================================
Received Import Request.
  Time since last request: 0.000016 seconds.
  path: Assets/Asset/Pixel Item/Admurin's Pixel Items/PixelItems/Miscellaneous/Singles/205_Dice.png
  artifactKey: Guid(3be0d6f2553b93e44b4c7537b4d42002) Importer(815301076,1909f56bfc062723c751e8b465ee728b)
Start importing Assets/Asset/Pixel Item/Admurin's Pixel Items/PixelItems/Miscellaneous/Singles/205_Dice.png using Guid(3be0d6f2553b93e44b4c7537b4d42002) Importer(815301076,1909f56bfc062723c751e8b465ee728b) (PreviewImporter) -> (artifact id: '58f1195e96f76eda7ef3073d11ef1af9') in 0.0221675 seconds
Number of updated asset objects reloaded before import = 0Number of asset objects unloaded after import = 3

========================================================================
Received Import Request.
  Time since last request: 0.374455 seconds.
  path: Assets/Asset/Pixel Item/Admurin's Pixel Items/PixelItems/Miscellaneous/Singles/216_Trompo_Wood.png
  artifactKey: Guid(7981d9ebe2aaaed4aaa75467fec865ac) Importer(815301076,1909f56bfc062723c751e8b465ee728b)
Start importing Assets/Asset/Pixel Item/Admurin's Pixel Items/PixelItems/Miscellaneous/Singles/216_Trompo_Wood.png using Guid(7981d9ebe2aaaed4aaa75467fec865ac) Importer(815301076,1909f56bfc062723c751e8b465ee728b) (PreviewImporter) -> (artifact id: 'e7426c0bf03eb2a65864feb2de716550') in 0.0243742 seconds
Number of updated asset objects reloaded before import = 0Number of asset objects unloaded after import = 3

========================================================================
Received Prepare
Refreshing native plugins compatible for Editor in 3.08 ms, found 4 plugins.
Preloading 0 native plugins for Editor in 0.00 ms.
Unloading 16 Unused Serialized files (Serialized files now loaded: 0)
Unloading 6859 unused Assets / (4.4 MB). Loaded Objects now: 7699.
Memory consumption went from 164.7 MB to 160.3 MB.
Total: 13.987600 ms (FindLiveObjects: 0.811200 ms CreateObjectMapping: 0.632200 ms MarkObjects: 9.512900 ms  DeleteObjects: 3.029300 ms)

Prepare: number of updated asset objects reloaded= 0
========================================================================
Received Prepare
Begin MonoManager ReloadAssembly
[Licensing::Client] Successfully resolved entitlement details
- Loaded All Assemblies, in  0.826 seconds
Refreshing native plugins compatible for Editor in 1.35 ms, found 4 plugins.
Native extension for Android target not found
Native extension for WindowsStandalone target not found
[Package Manager] Failed to launch server process. Reason: Unity was launched with the -noUpm command-line argument
[Package Manager] Unable to send message (not connected to server process).
[Package Manager] Cannot connect to Unity Package Manager local server
Mono: successfully reloaded assembly
- Finished resetting the current domain, in  0.898 seconds
Domain Reload Profiling: 1721ms
	BeginReloadAssembly (203ms)
		ExecutionOrderSort (0ms)
		DisableScriptedObjects (11ms)
		BackupInstance (0ms)
		ReleaseScriptingObjects (0ms)
		CreateAndSetChildDomain (64ms)
	RebuildCommonClasses (34ms)
	RebuildNativeTypeToScriptingClass (14ms)
	initialDomainReloadingComplete (39ms)
	LoadAllAssembliesAndSetupDomain (532ms)
		LoadAssemblies (365ms)
		RebuildTransferFunctionScriptingTraits (0ms)
		AnalyzeDomain (232ms)
			TypeCache.Refresh (9ms)
				TypeCache.ScanAssembly (0ms)
			BuildScriptInfoCaches (204ms)
			ResolveRequiredComponents (13ms)
	FinalizeReload (899ms)
		ReleaseScriptCaches (0ms)
		RebuildScriptCaches (0ms)
		SetupLoadedEditorAssemblies (654ms)
			LogAssemblyErrors (0ms)
			InitializePlatformSupportModulesInManaged (22ms)
			SetLoadedEditorAssemblies (7ms)
			BeforeProcessingInitializeOnLoad (195ms)
			ProcessInitializeOnLoadAttributes (346ms)
			ProcessInitializeOnLoadMethodAttributes (77ms)
			AfterProcessingInitializeOnLoad (5ms)
			EditorAssembliesLoaded (0ms)
		ExecutionOrderSort2 (0ms)
		AwakeInstancesAfterBackupRestoration (22ms)
Refreshing native plugins compatible for Editor in 2.55 ms, found 4 plugins.
Preloading 0 native plugins for Editor in 0.00 ms.
Unloading 16 Unused Serialized files (Serialized files now loaded: 0)
Unloading 6869 unused Assets / (4.5 MB). Loaded Objects now: 7702.
Memory consumption went from 171.1 MB to 166.6 MB.
Total: 13.823600 ms (FindLiveObjects: 0.792200 ms CreateObjectMapping: 0.598700 ms MarkObjects: 9.337900 ms  DeleteObjects: 3.092700 ms)

Prepare: number of updated asset objects reloaded= 0
